2026-06-06 13:30:44 WARN  [main] o.hibernate.orm.connections.pooling - HHH10001002: Using built-in connection pool (not intended for production use)
2026-06-06 13:30:45 WARN  [main] org.hibernate.orm.deprecation - HHH90000025: MySQL8Dialect does not need to be specified explicitly using 'hibernate.dialect' (remove the property setting and it will be selected by default)
2026-06-06 13:30:45 WARN  [main] org.hibernate.orm.deprecation - HHH90000026: MySQL8Dialect has been deprecated; use org.hibernate.dialect.MySQLDialect instead
2026-06-06 13:31:33 WARN  [main] o.hibernate.orm.connections.pooling - HHH10001002: Using built-in connection pool (not intended for production use)
2026-06-06 13:31:33 WARN  [main] org.hibernate.orm.deprecation - HHH90000025: MySQL8Dialect does not need to be specified explicitly using 'hibernate.dialect' (remove the property setting and it will be selected by default)
2026-06-06 13:31:33 WARN  [main] org.hibernate.orm.deprecation - HHH90000026: MySQL8Dialect has been deprecated; use org.hibernate.dialect.MySQLDialect instead
2026-06-06 13:34:36 WARN  [main] o.hibernate.orm.connections.pooling - HHH10001002: Using built-in connection pool (not intended for production use)
2026-06-06 13:34:36 WARN  [main] org.hibernate.orm.deprecation - HHH90000025: MySQL8Dialect does not need to be specified explicitly using 'hibernate.dialect' (remove the property setting and it will be selected by default)
2026-06-06 13:34:36 WARN  [main] org.hibernate.orm.deprecation - HHH90000026: MySQL8Dialect has been deprecated; use org.hibernate.dialect.MySQLDialect instead
2026-06-06 13:37:04 WARN  [main] o.hibernate.orm.connections.pooling - HHH10001002: Using built-in connection pool (not intended for production use)
2026-06-06 13:37:04 WARN  [main] org.hibernate.orm.deprecation - HHH90000025: MySQL8Dialect does not need to be specified explicitly using 'hibernate.dialect' (remove the property setting and it will be selected by default)
2026-06-06 13:37:04 WARN  [main] org.hibernate.orm.deprecation - HHH90000026: MySQL8Dialect has been deprecated; use org.hibernate.dialect.MySQLDialect instead
2026-06-06 13:37:06 WARN  [main] org.example.dao.impl.ProductDaoImpl - Product with id = 2147483647 not found
2026-06-06 13:37:06 WARN  [main] org.example.service.ProductService - product not found
2026-06-06 13:39:11 WARN  [main] o.hibernate.orm.connections.pooling - HHH10001002: Using built-in connection pool (not intended for production use)
2026-06-06 13:39:11 WARN  [main] org.hibernate.orm.deprecation - HHH90000025: MySQL8Dialect does not need to be specified explicitly using 'hibernate.dialect' (remove the property setting and it will be selected by default)
2026-06-06 13:39:11 WARN  [main] org.hibernate.orm.deprecation - HHH90000026: MySQL8Dialect has been deprecated; use org.hibernate.dialect.MySQLDialect instead
2026-06-06 13:39:13 WARN  [main] org.example.dao.impl.ProductDaoImpl - Product with id = 2147483647 not found
2026-06-06 13:39:13 ERROR [main] org.example.dao.impl.ProductDaoImpl - Cannot invoke "org.example.model.Product.getProduct_id()" because "product" is null
2026-06-06 13:42:29 WARN  [main] o.hibernate.orm.connections.pooling - HHH10001002: Using built-in connection pool (not intended for production use)
2026-06-06 13:42:30 WARN  [main] org.hibernate.orm.deprecation - HHH90000025: MySQL8Dialect does not need to be specified explicitly using 'hibernate.dialect' (remove the property setting and it will be selected by default)
2026-06-06 13:42:30 WARN  [main] org.hibernate.orm.deprecation - HHH90000026: MySQL8Dialect has been deprecated; use org.hibernate.dialect.MySQLDialect instead
2026-06-06 13:42:31 WARN  [main] org.example.dao.impl.ProductDaoImpl - Product with id = 2147483647 not found
2026-06-06 13:42:31 WARN  [main] org.example.service.ProductService - product not found
2026-06-06 13:42:36 WARN  [main] o.hibernate.orm.connections.pooling - HHH10001002: Using built-in connection pool (not intended for production use)
2026-06-06 13:42:36 WARN  [main] org.hibernate.orm.deprecation - HHH90000025: MySQL8Dialect does not need to be specified explicitly using 'hibernate.dialect' (remove the property setting and it will be selected by default)
2026-06-06 13:42:36 WARN  [main] org.hibernate.orm.deprecation - HHH90000026: MySQL8Dialect has been deprecated; use org.hibernate.dialect.MySQLDialect instead
2026-06-06 14:10:43 WARN  [main] o.hibernate.orm.connections.pooling - HHH10001002: Using built-in connection pool (not intended for production use)
2026-06-06 14:10:43 WARN  [main] org.hibernate.orm.deprecation - HHH90000025: MySQL8Dialect does not need to be specified explicitly using 'hibernate.dialect' (remove the property setting and it will be selected by default)
2026-06-06 14:10:43 WARN  [main] org.hibernate.orm.deprecation - HHH90000026: MySQL8Dialect has been deprecated; use org.hibernate.dialect.MySQLDialect instead
2026-06-06 14:10:45 WARN  [main] org.example.dao.impl.UserDaoImpl - User with id = 0 not found
2026-06-06 14:10:45 ERROR [main] o.example.dao.impl.OrderItemDaoImpl - not-null property references a null or transient value : org.example.model.Order.user
2026-06-06 14:10:45 WARN  [main] org.example.service.OrderService - Order not found
2026-06-06 14:10:45 WARN  [main] org.example.tests.OrderServiceTest - Failed to delete testOrder with id = 0.It might be already deleted
2026-06-06 14:11:58 WARN  [main] o.hibernate.orm.connections.pooling - HHH10001002: Using built-in connection pool (not intended for production use)
2026-06-06 14:11:59 WARN  [main] org.hibernate.orm.deprecation - HHH90000025: MySQL8Dialect does not need to be specified explicitly using 'hibernate.dialect' (remove the property setting and it will be selected by default)
2026-06-06 14:11:59 WARN  [main] org.hibernate.orm.deprecation - HHH90000026: MySQL8Dialect has been deprecated; use org.hibernate.dialect.MySQLDialect instead
2026-06-06 14:12:00 WARN  [main] org.example.dao.impl.UserDaoImpl - User with id = 0 not found
2026-06-06 14:12:00 ERROR [main] o.example.dao.impl.OrderItemDaoImpl - not-null property references a null or transient value : org.example.model.Order.user
2026-06-06 14:12:00 WARN  [main] org.example.service.OrderService - Order not found
2026-06-06 14:12:00 WARN  [main] org.example.tests.OrderServiceTest - Failed to delete testOrder with id = 0.It might be already deleted
2026-06-06 14:13:57 WARN  [main] o.hibernate.orm.connections.pooling - HHH10001002: Using built-in connection pool (not intended for production use)
2026-06-06 14:13:57 WARN  [main] org.hibernate.orm.deprecation - HHH90000025: MySQL8Dialect does not need to be specified explicitly using 'hibernate.dialect' (remove the property setting and it will be selected by default)
2026-06-06 14:13:57 WARN  [main] org.hibernate.orm.deprecation - HHH90000026: MySQL8Dialect has been deprecated; use org.hibernate.dialect.MySQLDialect instead
2026-06-06 14:13:58 WARN  [main] org.example.dao.impl.UserDaoImpl - User with id = 0 not found
2026-06-06 14:13:58 ERROR [main] o.example.dao.impl.OrderItemDaoImpl - not-null property references a null or transient value : org.example.model.Order.user
2026-06-06 14:13:58 WARN  [main] org.example.service.OrderService - Order not found
2026-06-06 14:13:58 WARN  [main] org.example.tests.OrderServiceTest - Failed to delete testOrder with id = 0.It might be already deleted
2026-06-06 14:17:06 WARN  [main] o.hibernate.orm.connections.pooling - HHH10001002: Using built-in connection pool (not intended for production use)
2026-06-06 14:17:06 WARN  [main] org.hibernate.orm.deprecation - HHH90000025: MySQL8Dialect does not need to be specified explicitly using 'hibernate.dialect' (remove the property setting and it will be selected by default)
2026-06-06 14:17:06 WARN  [main] org.hibernate.orm.deprecation - HHH90000026: MySQL8Dialect has been deprecated; use org.hibernate.dialect.MySQLDialect instead
2026-06-06 14:17:07 WARN  [main] org.example.dao.impl.UserDaoImpl - User with id = 0 not found
2026-06-06 14:17:07 ERROR [main] o.example.dao.impl.OrderItemDaoImpl - not-null property references a null or transient value : org.example.model.Order.user
2026-06-06 14:17:07 WARN  [main] org.example.service.OrderService - Order not found
2026-06-06 14:17:07 WARN  [main] org.example.tests.OrderServiceTest - Failed to delete testOrder with id = 0.It might be already deleted
2026-06-06 14:17:07 WARN  [main] org.example.dao.impl.UserDaoImpl - User with id = 0 not found
2026-06-06 14:17:07 WARN  [main] org.example.service.UserService - User not found 
2026-06-06 14:17:07 WARN  [main] org.example.tests.OrderServiceTest - Failed to delete testOrder with id = 0.It might be already deleted
2026-06-06 14:20:53 WARN  [main] o.hibernate.orm.connections.pooling - HHH10001002: Using built-in connection pool (not intended for production use)
2026-06-06 14:20:54 WARN  [main] org.hibernate.orm.deprecation - HHH90000025: MySQL8Dialect does not need to be specified explicitly using 'hibernate.dialect' (remove the property setting and it will be selected by default)
2026-06-06 14:20:54 WARN  [main] org.hibernate.orm.deprecation - HHH90000026: MySQL8Dialect has been deprecated; use org.hibernate.dialect.MySQLDialect instead
2026-06-06 14:20:55 WARN  [main] org.example.dao.impl.UserDaoImpl - User with id = 0 not found
2026-06-06 14:20:55 ERROR [main] o.example.dao.impl.OrderItemDaoImpl - not-null property references a null or transient value : org.example.model.Order.user
2026-06-06 14:20:55 WARN  [main] org.example.service.OrderService - Order not found
2026-06-06 14:20:55 WARN  [main] org.example.tests.OrderServiceTest - Failed to delete testOrder with id = 0.It might be already deleted
2026-06-06 14:20:55 WARN  [main] org.example.dao.impl.UserDaoImpl - User with id = 0 not found
2026-06-06 14:20:55 WARN  [main] org.example.service.UserService - User not found 
2026-06-06 14:20:55 WARN  [main] org.example.tests.OrderServiceTest - Failed to delete testOrder with id = 0.It might be already deleted
2026-06-06 14:21:51 WARN  [main] o.hibernate.orm.connections.pooling - HHH10001002: Using built-in connection pool (not intended for production use)
2026-06-06 14:21:51 WARN  [main] org.hibernate.orm.deprecation - HHH90000025: MySQL8Dialect does not need to be specified explicitly using 'hibernate.dialect' (remove the property setting and it will be selected by default)
2026-06-06 14:21:51 WARN  [main] org.hibernate.orm.deprecation - HHH90000026: MySQL8Dialect has been deprecated; use org.hibernate.dialect.MySQLDialect instead
2026-06-06 14:21:52 WARN  [main] org.example.dao.impl.UserDaoImpl - User with id = 0 not found
2026-06-06 14:21:52 ERROR [main] o.example.dao.impl.OrderItemDaoImpl - not-null property references a null or transient value : org.example.model.Order.user
2026-06-06 14:21:52 WARN  [main] org.example.service.OrderService - Order not found
2026-06-06 14:21:52 WARN  [main] org.example.tests.OrderServiceTest - Failed to delete testOrder with id = 0.It might be already deleted
2026-06-06 14:21:52 WARN  [main] org.example.dao.impl.UserDaoImpl - User with id = 0 not found
2026-06-06 14:21:52 WARN  [main] org.example.service.UserService - User not found 
2026-06-06 14:21:52 WARN  [main] org.example.tests.OrderServiceTest - Failed to delete testOrder with id = 0.It might be already deleted
2026-06-06 14:22:32 WARN  [main] o.hibernate.orm.connections.pooling - HHH10001002: Using built-in connection pool (not intended for production use)
2026-06-06 14:22:33 WARN  [main] org.hibernate.orm.deprecation - HHH90000025: MySQL8Dialect does not need to be specified explicitly using 'hibernate.dialect' (remove the property setting and it will be selected by default)
2026-06-06 14:22:33 WARN  [main] org.hibernate.orm.deprecation - HHH90000026: MySQL8Dialect has been deprecated; use org.hibernate.dialect.MySQLDialect instead
2026-06-06 14:22:34 WARN  [main] org.example.dao.impl.UserDaoImpl - User with id = 0 not found
2026-06-06 14:22:34 WARN  [main] org.example.service.UserService - User not found 
2026-06-06 14:22:34 WARN  [main] org.example.tests.OrderServiceTest - Failed to delete testOrder with id = 252.It might be already deleted
2026-06-06 14:22:59 WARN  [main] o.hibernate.orm.connections.pooling - HHH10001002: Using built-in connection pool (not intended for production use)
2026-06-06 14:23:00 WARN  [main] org.hibernate.orm.deprecation - HHH90000025: MySQL8Dialect does not need to be specified explicitly using 'hibernate.dialect' (remove the property setting and it will be selected by default)
2026-06-06 14:23:00 WARN  [main] org.hibernate.orm.deprecation - HHH90000026: MySQL8Dialect has been deprecated; use org.hibernate.dialect.MySQLDialect instead
2026-06-06 14:23:01 WARN  [main] org.example.dao.impl.UserDaoImpl - User with id = 0 not found
2026-06-06 14:23:01 WARN  [main] org.example.service.UserService - User not found 
2026-06-06 14:23:01 WARN  [main] org.example.tests.OrderServiceTest - Failed to delete testOrder with id = 302.It might be already deleted
2026-06-06 14:23:52 WARN  [main] o.hibernate.orm.connections.pooling - HHH10001002: Using built-in connection pool (not intended for production use)
2026-06-06 14:23:52 WARN  [main] org.hibernate.orm.deprecation - HHH90000025: MySQL8Dialect does not need to be specified explicitly using 'hibernate.dialect' (remove the property setting and it will be selected by default)
2026-06-06 14:23:52 WARN  [main] org.hibernate.orm.deprecation - HHH90000026: MySQL8Dialect has been deprecated; use org.hibernate.dialect.MySQLDialect instead
2026-06-06 14:23:54 WARN  [main] org.example.dao.impl.UserDaoImpl - User with id = 0 not found
2026-06-06 14:23:54 WARN  [main] org.example.service.UserService - User not found 
2026-06-06 14:23:54 WARN  [main] org.example.tests.OrderServiceTest - Failed to delete testOrder with id = 352.It might be already deleted
2026-06-06 14:25:57 WARN  [main] o.hibernate.orm.connections.pooling - HHH10001002: Using built-in connection pool (not intended for production use)
2026-06-06 14:25:57 WARN  [main] org.hibernate.orm.deprecation - HHH90000025: MySQL8Dialect does not need to be specified explicitly using 'hibernate.dialect' (remove the property setting and it will be selected by default)
2026-06-06 14:25:57 WARN  [main] org.hibernate.orm.deprecation - HHH90000026: MySQL8Dialect has been deprecated; use org.hibernate.dialect.MySQLDialect instead
2026-06-06 14:25:59 WARN  [main] org.example.dao.impl.UserDaoImpl - User with id = 0 not found
2026-06-06 14:25:59 WARN  [main] org.example.service.UserService - User not found 
2026-06-06 14:25:59 WARN  [main] org.example.tests.OrderServiceTest - Failed to delete testOrder with id = 402.It might be already deleted
2026-06-06 14:33:21 WARN  [main] o.hibernate.orm.connections.pooling - HHH10001002: Using built-in connection pool (not intended for production use)
2026-06-06 14:33:21 WARN  [main] org.hibernate.orm.deprecation - HHH90000025: MySQL8Dialect does not need to be specified explicitly using 'hibernate.dialect' (remove the property setting and it will be selected by default)
2026-06-06 14:33:21 WARN  [main] org.hibernate.orm.deprecation - HHH90000026: MySQL8Dialect has been deprecated; use org.hibernate.dialect.MySQLDialect instead
2026-06-06 14:33:23 WARN  [main] org.example.dao.impl.UserDaoImpl - User with id = 0 not found
2026-06-06 14:33:23 WARN  [main] org.example.service.UserService - User not found 
2026-06-06 14:33:23 WARN  [main] org.example.tests.OrderServiceTest - Failed to delete testOrder with id = 452.It might be already deleted
2026-06-06 14:39:49 WARN  [main] o.hibernate.orm.connections.pooling - HHH10001002: Using built-in connection pool (not intended for production use)
2026-06-06 14:39:49 WARN  [main] org.hibernate.orm.deprecation - HHH90000025: MySQL8Dialect does not need to be specified explicitly using 'hibernate.dialect' (remove the property setting and it will be selected by default)
2026-06-06 14:39:49 WARN  [main] org.hibernate.orm.deprecation - HHH90000026: MySQL8Dialect has been deprecated; use org.hibernate.dialect.MySQLDialect instead
2026-06-06 14:39:51 WARN  [main] org.example.service.OrderService - Failed to update order status - prohibited status value
2026-06-06 14:39:51 WARN  [main] org.example.dao.impl.UserDaoImpl - User with id = 0 not found
2026-06-06 14:39:51 WARN  [main] org.example.service.UserService - User not found 
2026-06-06 14:39:51 WARN  [main] org.example.tests.OrderServiceTest - Failed to delete testOrder with id = 502.It might be already deleted
2026-06-06 14:41:00 WARN  [main] o.hibernate.orm.connections.pooling - HHH10001002: Using built-in connection pool (not intended for production use)
2026-06-06 14:41:01 WARN  [main] org.hibernate.orm.deprecation - HHH90000025: MySQL8Dialect does not need to be specified explicitly using 'hibernate.dialect' (remove the property setting and it will be selected by default)
2026-06-06 14:41:01 WARN  [main] org.hibernate.orm.deprecation - HHH90000026: MySQL8Dialect has been deprecated; use org.hibernate.dialect.MySQLDialect instead
2026-06-06 14:41:03 WARN  [main] org.example.dao.impl.UserDaoImpl - User with id = 0 not found
2026-06-06 14:41:03 WARN  [main] org.example.service.UserService - User not found 
2026-06-06 14:41:03 WARN  [main] org.example.tests.OrderServiceTest - Failed to delete testOrder with id = 552.It might be already deleted
2026-06-06 14:43:52 WARN  [main] o.hibernate.orm.connections.pooling - HHH10001002: Using built-in connection pool (not intended for production use)
2026-06-06 14:43:52 WARN  [main] org.hibernate.orm.deprecation - HHH90000025: MySQL8Dialect does not need to be specified explicitly using 'hibernate.dialect' (remove the property setting and it will be selected by default)
2026-06-06 14:43:52 WARN  [main] org.hibernate.orm.deprecation - HHH90000026: MySQL8Dialect has been deprecated; use org.hibernate.dialect.MySQLDialect instead
2026-06-06 14:43:54 WARN  [main] org.example.service.OrderService - Order not found
2026-06-06 14:43:54 WARN  [main] org.example.service.OrderService - Order not found
2026-06-06 14:43:54 WARN  [main] org.example.tests.OrderServiceTest - Failed to delete testOrder with id = 602.It might be already deleted
2026-06-06 14:43:54 WARN  [main] org.example.dao.impl.UserDaoImpl - User with id = 0 not found
2026-06-06 14:43:54 WARN  [main] org.example.service.UserService - User not found 
2026-06-06 14:43:54 WARN  [main] org.example.tests.OrderServiceTest - Failed to delete testOrder with id = 602.It might be already deleted
2026-06-06 14:51:21 WARN  [main] o.hibernate.orm.connections.pooling - HHH10001002: Using built-in connection pool (not intended for production use)
2026-06-06 14:51:22 WARN  [main] org.hibernate.orm.deprecation - HHH90000025: MySQL8Dialect does not need to be specified explicitly using 'hibernate.dialect' (remove the property setting and it will be selected by default)
2026-06-06 14:51:22 WARN  [main] org.hibernate.orm.deprecation - HHH90000026: MySQL8Dialect has been deprecated; use org.hibernate.dialect.MySQLDialect instead
2026-06-06 14:51:23 WARN  [main] org.example.dao.impl.UserDaoImpl - User with id = 0 not found
2026-06-06 14:51:23 WARN  [main] org.example.service.UserService - User not found 
2026-06-06 14:51:23 WARN  [main] org.example.tests.OrderServiceTest - Failed to delete testOrder with id = 652.It might be already deleted
2026-06-06 14:51:23 WARN  [main] org.example.dao.impl.UserDaoImpl - User with id = 0 not found
2026-06-06 14:51:23 WARN  [main] org.example.service.UserService - User not found 
2026-06-06 14:51:23 WARN  [main] org.example.tests.OrderServiceTest - Failed to delete testOrder with id = 653.It might be already deleted
2026-06-06 14:51:24 WARN  [main] org.example.dao.impl.UserDaoImpl - User with id = 0 not found
2026-06-06 14:51:24 WARN  [main] org.example.service.UserService - User not found 
2026-06-06 14:51:24 WARN  [main] org.example.tests.OrderServiceTest - Failed to delete testOrder with id = 654.It might be already deleted
2026-06-06 14:51:24 WARN  [main] org.example.dao.impl.ProductDaoImpl - Product with id = 0 not found
2026-06-06 14:51:24 WARN  [main] org.example.dao.impl.UserDaoImpl - User with id = 0 not found
2026-06-06 14:51:24 WARN  [main] org.example.service.UserService - User not found 
2026-06-06 14:51:24 WARN  [main] org.example.tests.OrderServiceTest - Failed to delete testOrder with id = 655.It might be already deleted
2026-06-06 14:51:24 WARN  [main] org.example.service.OrderService - Order not found
2026-06-06 14:51:24 WARN  [main] org.example.service.OrderService - Order not found
2026-06-06 14:51:24 WARN  [main] org.example.tests.OrderServiceTest - Failed to delete testOrder with id = 656.It might be already deleted
2026-06-06 14:51:24 WARN  [main] org.example.dao.impl.UserDaoImpl - User with id = 0 not found
2026-06-06 14:51:24 WARN  [main] org.example.service.UserService - User not found 
2026-06-06 14:51:24 WARN  [main] org.example.tests.OrderServiceTest - Failed to delete testOrder with id = 656.It might be already deleted
2026-06-06 14:51:24 WARN  [main] org.example.dao.impl.UserDaoImpl - User with id = 0 not found
2026-06-06 14:51:24 WARN  [main] org.example.service.UserService - User not found 
2026-06-06 14:51:24 WARN  [main] org.example.tests.OrderServiceTest - Failed to delete testOrder with id = 657.It might be already deleted
2026-06-06 14:51:24 WARN  [main] org.example.dao.impl.UserDaoImpl - User with id = 0 not found
2026-06-06 14:51:24 WARN  [main] org.example.service.UserService - User not found 
2026-06-06 14:51:24 WARN  [main] org.example.tests.OrderServiceTest - Failed to delete testOrder with id = 658.It might be already deleted
2026-06-06 16:14:57 WARN  [main] o.hibernate.orm.connections.pooling - HHH10001002: Using built-in connection pool (not intended for production use)
2026-06-06 16:14:58 WARN  [main] org.hibernate.orm.deprecation - HHH90000025: MySQL8Dialect does not need to be specified explicitly using 'hibernate.dialect' (remove the property setting and it will be selected by default)
2026-06-06 16:14:58 WARN  [main] org.hibernate.orm.deprecation - HHH90000026: MySQL8Dialect has been deprecated; use org.hibernate.dialect.MySQLDialect instead
2026-06-06 16:14:59 WARN  [main] org.example.dao.impl.ProductDaoImpl - Product with id = 0 not found
2026-06-06 16:15:00 WARN  [main] org.example.dao.impl.UserDaoImpl - User with id = 0 not found
2026-06-06 16:15:00 WARN  [main] org.example.service.UserService - User not found 
2026-06-06 16:15:00 WARN  [main] org.example.tests.OrderServiceTest - Failed to delete testOrder with id = 702.It might be already deleted
2026-06-06 16:15:53 WARN  [main] o.hibernate.orm.connections.pooling - HHH10001002: Using built-in connection pool (not intended for production use)
2026-06-06 16:15:53 WARN  [main] org.hibernate.orm.deprecation - HHH90000025: MySQL8Dialect does not need to be specified explicitly using 'hibernate.dialect' (remove the property setting and it will be selected by default)
2026-06-06 16:15:53 WARN  [main] org.hibernate.orm.deprecation - HHH90000026: MySQL8Dialect has been deprecated; use org.hibernate.dialect.MySQLDialect instead
2026-06-06 16:15:55 WARN  [main] org.example.dao.impl.UserDaoImpl - User with id = 0 not found
2026-06-06 16:15:55 WARN  [main] org.example.service.UserService - User not found 
2026-06-06 16:15:55 WARN  [main] org.example.tests.OrderServiceTest - Failed to delete testOrder with id = 752.It might be already deleted
